<?xml version="1.0" encoding="UTF-8"?>
<!-- Generated by org.testng.reporters.JUnitReportReporter -->
<testsuite hostname="DESKTOP-G4CV838" failures="0" tests="1" name="script.ValidLogin" time="10.888" errors="0" timestamp="2025-02-06T17:25:12 IST" skipped="0">
  <testcase classname="script.ValidLogin" name="testValidLogin" time="10.888"/>
  <system-out>
    <![CDATA[HOme page is displayed]]>
  </system-out>
</testsuite> <!-- script.ValidLogin -->
