<?xml version="1.0" encoding="UTF-8"?>
<!-- Generated by org.testng.reporters.JUnitReportReporter -->
<testsuite hostname="DESKTOP-G4CV838" failures="0" tests="2" name="script.Demo4" time="0.006" errors="0" timestamp="2025-02-04T11:49:03 IST" skipped="0">
  <testcase classname="script.Demo4" name="deleteUser" time="0.003"/>
  <system-out/>
  <testcase classname="script.Demo4" name="createUser" time="0.003"/>
  <system-out/>
</testsuite> <!-- script.Demo4 -->
