<?xml version="1.0" encoding="UTF-8"?>
<!-- Generated by org.testng.reporters.JUnitReportReporter -->
<testsuite hostname="DESKTOP-G4CV838" failures="0" tests="1" name="day27.Demo2" time="0.014" errors="0" timestamp="2025-02-01T17:16:47 IST" skipped="0">
  <testcase classname="day27.Demo2" name="m1" time="0.014"/>
  <system-out>
    <![CDATA[m1]]>
  </system-out>
</testsuite> <!-- day27.Demo2 -->
