<?xml version="1.0" encoding="UTF-8"?>
<!-- Generated by org.testng.reporters.JUnitReportReporter -->
<testsuite hostname="DESKTOP-G4CV838" failures="0" tests="1" name="day27.Demo3" time="31.864" errors="0" timestamp="2025-02-01T17:22:59 IST" skipped="0">
  <testcase classname="day27.Demo3" name="test3" time="31.864"/>
  <system-out/>
</testsuite> <!-- day27.Demo3 -->
