<?xml version="1.0" encoding="UTF-8"?>
<!-- Generated by org.testng.reporters.JUnitReportReporter -->
<testsuite hostname="DESKTOP-G4CV838" failures="0" tests="1" name="script.Demo1" time="7.982" errors="0" timestamp="2025-02-06T10:36:05 IST" skipped="0">
  <testcase classname="script.Demo1" name="testC" time="7.982"/>
</testsuite> <!-- script.Demo1 -->
