<?xml version="1.0" encoding="UTF-8"?>
<!-- Generated by org.testng.reporters.JUnitReportReporter -->
<testsuite hostname="DESKTOP-G4CV838" failures="0" tests="1" name="script.Demo2" time="10.984" errors="0" timestamp="2025-02-06T16:02:34 IST" skipped="0">
  <testcase classname="script.Demo2" name="testA" time="10.984"/>
</testsuite> <!-- script.Demo2 -->
